

Started GET "/" for 127.0.0.1 at 2015-05-06 12:13:11 +0300
Processing by Rails::WelcomeController#index as HTML
  Rendered /home/ostap/.rvm/gems/ruby-2.2.1@so/gems/railties-4.2.1/lib/rails/templates/rails/welcome/index.html.erb (2.3ms)
Completed 200 OK in 24ms (Views: 8.0ms | ActiveRecord: 0.0ms)


Started GET "/evernote" for 127.0.0.1 at 2015-05-06 12:13:18 +0300
Processing by EvernoteController#index as HTML
Completed 500 Internal Server Error in 9ms (ActiveRecord: 0.0ms)

ActionView::MissingTemplate (Missing template evernote/index, application/index with {:locale=>[:en], :formats=>[:html], :variants=>[], :handlers=>[:erb, :builder, :raw, :ruby, :slim, :coffee, :jbuilder]}. Searched in:
  * "/home/ostap/Projects/smart_organaizer/app/views"
):
  actionview (4.2.1) lib/action_view/path_set.rb:46:in `find'
  actionview (4.2.1) lib/action_view/lookup_context.rb:121:in `find'
  actionview (4.2.1) lib/action_view/renderer/abstract_renderer.rb:18:in `find_template'
  actionview (4.2.1) lib/action_view/renderer/template_renderer.rb:40:in `determine_template'
  actionview (4.2.1) lib/action_view/renderer/template_renderer.rb:8:in `render'
  actionview (4.2.1) lib/action_view/renderer/renderer.rb:42:in `render_template'
  actionview (4.2.1) lib/action_view/renderer/renderer.rb:23:in `render'
  actionview (4.2.1) lib/action_view/rendering.rb:100:in `_render_template'
  actionpack (4.2.1) lib/action_controller/metal/streaming.rb:217:in `_render_template'
  actionview (4.2.1) lib/action_view/rendering.rb:83:in `render_to_body'
  actionpack (4.2.1) lib/action_controller/metal/rendering.rb:32:in `render_to_body'
  actionpack (4.2.1) lib/action_controller/metal/renderers.rb:37:in `render_to_body'
  actionpack (4.2.1) lib/abstract_controller/rendering.rb:25:in `render'
  actionpack (4.2.1) lib/action_controller/metal/rendering.rb:16:in `render'
  actionpack (4.2.1) lib/action_controller/metal/instrumentation.rb:44:in `block (2 levels) in render'
  activesupport (4.2.1) lib/active_support/core_ext/benchmark.rb:12:in `block in ms'
  /home/ostap/.rvm/rubies/ruby-2.2.1/lib/ruby/2.2.0/benchmark.rb:303:in `realtime'
  activesupport (4.2.1) lib/active_support/core_ext/benchmark.rb:12:in `ms'
  actionpack (4.2.1) lib/action_controller/metal/instrumentation.rb:44:in `block in render'
  actionpack (4.2.1) lib/action_controller/metal/instrumentation.rb:87:in `cleanup_view_runtime'
  activerecord (4.2.1) lib/active_record/railties/controller_runtime.rb:25:in `cleanup_view_runtime'
  actionpack (4.2.1) lib/action_controller/metal/instrumentation.rb:43:in `render'
  actionpack (4.2.1) lib/action_controller/metal/implicit_render.rb:10:in `default_render'
  actionpack (4.2.1) lib/action_controller/metal/implicit_render.rb:5:in `send_action'
  actionpack (4.2.1) lib/abstract_controller/base.rb:198:in `process_action'
  actionpack (4.2.1) lib/action_controller/metal/rendering.rb:10:in `process_action'
  actionpack (4.2.1) lib/abstract_controller/callbacks.rb:20:in `block in process_action'
  activesupport (4.2.1) lib/active_support/callbacks.rb:117:in `call'
  activesupport (4.2.1) lib/active_support/callbacks.rb:117:in `call'
  activesupport (4.2.1) lib/active_support/callbacks.rb:555:in `block (2 levels) in compile'
  activesupport (4.2.1) lib/active_support/callbacks.rb:505:in `call'
  activesupport (4.2.1) lib/active_support/callbacks.rb:505:in `call'
  activesupport (4.2.1) lib/active_support/callbacks.rb:92:in `_run_callbacks'
  activesupport (4.2.1) lib/active_support/callbacks.rb:776:in `_run_process_action_callbacks'
  activesupport (4.2.1) lib/active_support/callbacks.rb:81:in `run_callbacks'
  actionpack (4.2.1) lib/abstract_controller/callbacks.rb:19:in `process_action'
  actionpack (4.2.1) lib/action_controller/metal/rescue.rb:29:in `process_action'
  actionpack (4.2.1) lib/action_controller/metal/instrumentation.rb:32:in `block in process_action'
  activesupport (4.2.1) lib/active_support/notifications.rb:164:in `block in instrument'
  activesupport (4.2.1) lib/active_support/notifications/instrumenter.rb:20:in `instrument'
  activesupport (4.2.1) lib/active_support/notifications.rb:164:in `instrument'
  actionpack (4.2.1) lib/action_controller/metal/instrumentation.rb:30:in `process_action'
  actionpack (4.2.1) lib/action_controller/metal/params_wrapper.rb:250:in `process_action'
  activerecord (4.2.1) lib/active_record/railties/controller_runtime.rb:18:in `process_action'
  actionpack (4.2.1) lib/abstract_controller/base.rb:137:in `process'
  actionview (4.2.1) lib/action_view/rendering.rb:30:in `process'
  actionpack (4.2.1) lib/action_controller/metal.rb:196:in `dispatch'
  actionpack (4.2.1) lib/action_controller/metal/rack_delegation.rb:13:in `dispatch'
  actionpack (4.2.1) lib/action_controller/metal.rb:237:in `block in action'
  actionpack (4.2.1) lib/action_dispatch/routing/route_set.rb:74:in `call'
  actionpack (4.2.1) lib/action_dispatch/routing/route_set.rb:74:in `dispatch'
  actionpack (4.2.1) lib/action_dispatch/routing/route_set.rb:43:in `serve'
  actionpack (4.2.1) lib/action_dispatch/journey/router.rb:43:in `block in serve'
  actionpack (4.2.1) lib/action_dispatch/journey/router.rb:30:in `each'
  actionpack (4.2.1) lib/action_dispatch/journey/router.rb:30:in `serve'
  actionpack (4.2.1) lib/action_dispatch/routing/route_set.rb:819:in `call'
  rack (1.6.0) lib/rack/etag.rb:24:in `call'
  rack (1.6.0) lib/rack/conditionalget.rb:25:in `call'
  rack (1.6.0) lib/rack/head.rb:13:in `call'
  actionpack (4.2.1) lib/action_dispatch/middleware/params_parser.rb:27:in `call'
  actionpack (4.2.1) lib/action_dispatch/middleware/flash.rb:260:in `call'
  rack (1.6.0) lib/rack/session/abstract/id.rb:225:in `context'
  rack (1.6.0) lib/rack/session/abstract/id.rb:220:in `call'
  actionpack (4.2.1) lib/action_dispatch/middleware/cookies.rb:560:in `call'
  activerecord (4.2.1) lib/active_record/query_cache.rb:36:in `call'
  activerecord (4.2.1) lib/active_record/connection_adapters/abstract/connection_pool.rb:649:in `call'
  activerecord (4.2.1) lib/active_record/migration.rb:378:in `call'
  actionpack (4.2.1) lib/action_dispatch/middleware/callbacks.rb:29:in `block in call'
  activesupport (4.2.1) lib/active_support/callbacks.rb:88:in `call'
  activesupport (4.2.1) lib/active_support/callbacks.rb:88:in `_run_callbacks'
  activesupport (4.2.1) lib/active_support/callbacks.rb:776:in `_run_call_callbacks'
  activesupport (4.2.1) lib/active_support/callbacks.rb:81:in `run_callbacks'
  actionpack (4.2.1) lib/action_dispatch/middleware/callbacks.rb:27:in `call'
  actionpack (4.2.1) lib/action_dispatch/middleware/reloader.rb:73:in `call'
  actionpack (4.2.1) lib/action_dispatch/middleware/remote_ip.rb:78:in `call'
  actionpack (4.2.1) lib/action_dispatch/middleware/debug_exceptions.rb:17:in `call'
  web-console (2.1.2) lib/web_console/middleware.rb:37:in `call'
  actionpack (4.2.1) lib/action_dispatch/middleware/show_exceptions.rb:30:in `call'
  railties (4.2.1) lib/rails/rack/logger.rb:38:in `call_app'
  railties (4.2.1) lib/rails/rack/logger.rb:20:in `block in call'
  activesupport (4.2.1) lib/active_support/tagged_logging.rb:68:in `block in tagged'
  activesupport (4.2.1) lib/active_support/tagged_logging.rb:26:in `tagged'
  activesupport (4.2.1) lib/active_support/tagged_logging.rb:68:in `tagged'
  railties (4.2.1) lib/rails/rack/logger.rb:20:in `call'
  actionpack (4.2.1) lib/action_dispatch/middleware/request_id.rb:21:in `call'
  rack (1.6.0) lib/rack/methodoverride.rb:22:in `call'
  rack (1.6.0) lib/rack/runtime.rb:18:in `call'
  activesupport (4.2.1) lib/active_support/cache/strategy/local_cache_middleware.rb:28:in `call'
  rack (1.6.0) lib/rack/lock.rb:17:in `call'
  actionpack (4.2.1) lib/action_dispatch/middleware/static.rb:113:in `call'
  rack (1.6.0) lib/rack/sendfile.rb:113:in `call'
  railties (4.2.1) lib/rails/engine.rb:518:in `call'
  railties (4.2.1) lib/rails/application.rb:164:in `call'
  rack (1.6.0) lib/rack/lock.rb:17:in `call'
  rack (1.6.0) lib/rack/content_length.rb:15:in `call'
  rack (1.6.0) lib/rack/handler/webrick.rb:89:in `service'
  /home/ostap/.rvm/rubies/ruby-2.2.1/lib/ruby/2.2.0/webrick/httpserver.rb:138:in `service'
  /home/ostap/.rvm/rubies/ruby-2.2.1/lib/ruby/2.2.0/webrick/httpserver.rb:94:in `run'
  /home/ostap/.rvm/rubies/ruby-2.2.1/lib/ruby/2.2.0/webrick/server.rb:294:in `block in start_thread'


  Rendered /home/ostap/.rvm/gems/ruby-2.2.1@so/gems/actionpack-4.2.1/lib/action_dispatch/middleware/templates/rescues/_source.erb (4.8ms)
  Rendered /home/ostap/.rvm/gems/ruby-2.2.1@so/gems/actionpack-4.2.1/lib/action_dispatch/middleware/templates/rescues/_trace.html.erb (1.9ms)
  Rendered /home/ostap/.rvm/gems/ruby-2.2.1@so/gems/actionpack-4.2.1/lib/action_dispatch/middleware/templates/rescues/_request_and_response.html.erb (0.9ms)
  Rendered /home/ostap/.rvm/gems/ruby-2.2.1@so/gems/actionpack-4.2.1/lib/action_dispatch/middleware/templates/rescues/missing_template.html.erb within rescues/layout (24.5ms)
  Rendered /home/ostap/.rvm/gems/ruby-2.2.1@so/gems/web-console-2.1.2/lib/web_console/templates/_markup.html.erb (0.4ms)
  Rendered /home/ostap/.rvm/gems/ruby-2.2.1@so/gems/web-console-2.1.2/lib/web_console/templates/style.css.erb within layouts/inlined_string (0.6ms)
  Rendered /home/ostap/.rvm/gems/ruby-2.2.1@so/gems/web-console-2.1.2/lib/web_console/templates/_inner_console_markup.html.erb within layouts/inlined_string (0.4ms)
  Rendered /home/ostap/.rvm/gems/ruby-2.2.1@so/gems/web-console-2.1.2/lib/web_console/templates/_prompt_box_markup.html.erb within layouts/inlined_string (0.5ms)
  Rendered /home/ostap/.rvm/gems/ruby-2.2.1@so/gems/web-console-2.1.2/lib/web_console/templates/console.js.erb within layouts/javascript (21.6ms)
  Rendered /home/ostap/.rvm/gems/ruby-2.2.1@so/gems/web-console-2.1.2/lib/web_console/templates/main.js.erb within layouts/javascript (0.4ms)
  Rendered /home/ostap/.rvm/gems/ruby-2.2.1@so/gems/web-console-2.1.2/lib/web_console/templates/error_page.js.erb within layouts/javascript (0.4ms)
  Rendered /home/ostap/.rvm/gems/ruby-2.2.1@so/gems/web-console-2.1.2/lib/web_console/templates/index.html.erb (45.2ms)


Started GET "/evernote" for 127.0.0.1 at 2015-05-06 12:17:44 +0300
Processing by EvernoteController#index as HTML
Completed 500 Internal Server Error in 7ms (ActiveRecord: 0.0ms)

NameError (undefined local variable or method `notebooks' for #<EvernoteController:0xb4a16a94>):
  app/controllers/evernote_controller.rb:6:in `index'


  Rendered /home/ostap/.rvm/gems/ruby-2.2.1@so/gems/actionpack-4.2.1/lib/action_dispatch/middleware/templates/rescues/_source.erb (4.8ms)
  Rendered /home/ostap/.rvm/gems/ruby-2.2.1@so/gems/actionpack-4.2.1/lib/action_dispatch/middleware/templates/rescues/_trace.html.erb (2.9ms)
  Rendered /home/ostap/.rvm/gems/ruby-2.2.1@so/gems/actionpack-4.2.1/lib/action_dispatch/middleware/templates/rescues/_request_and_response.html.erb (1.0ms)
  Rendered /home/ostap/.rvm/gems/ruby-2.2.1@so/gems/actionpack-4.2.1/lib/action_dispatch/middleware/templates/rescues/diagnostics.html.erb within rescues/layout (26.6ms)
  Rendered /home/ostap/.rvm/gems/ruby-2.2.1@so/gems/web-console-2.1.2/lib/web_console/templates/_markup.html.erb (0.4ms)
  Rendered /home/ostap/.rvm/gems/ruby-2.2.1@so/gems/web-console-2.1.2/lib/web_console/templates/style.css.erb within layouts/inlined_string (0.3ms)
  Rendered /home/ostap/.rvm/gems/ruby-2.2.1@so/gems/web-console-2.1.2/lib/web_console/templates/_inner_console_markup.html.erb within layouts/inlined_string (0.4ms)
  Rendered /home/ostap/.rvm/gems/ruby-2.2.1@so/gems/web-console-2.1.2/lib/web_console/templates/_prompt_box_markup.html.erb within layouts/inlined_string (0.4ms)
  Rendered /home/ostap/.rvm/gems/ruby-2.2.1@so/gems/web-console-2.1.2/lib/web_console/templates/console.js.erb within layouts/javascript (21.7ms)
  Rendered /home/ostap/.rvm/gems/ruby-2.2.1@so/gems/web-console-2.1.2/lib/web_console/templates/main.js.erb within layouts/javascript (0.3ms)
  Rendered /home/ostap/.rvm/gems/ruby-2.2.1@so/gems/web-console-2.1.2/lib/web_console/templates/error_page.js.erb within layouts/javascript (0.5ms)
  Rendered /home/ostap/.rvm/gems/ruby-2.2.1@so/gems/web-console-2.1.2/lib/web_console/templates/index.html.erb (41.3ms)


Started GET "/evernote" for 127.0.0.1 at 2015-05-06 12:18:14 +0300
Processing by EvernoteController#index as HTML
Completed 500 Internal Server Error in 2591ms (ActiveRecord: 0.0ms)

Evernote::EDAM::Error::EDAMUserException ():
  app/controllers/evernote_controller.rb:64:in `note_store'
  app/controllers/evernote_controller.rb:72:in `notebooks'
  app/controllers/evernote_controller.rb:6:in `index'


  Rendered /home/ostap/.rvm/gems/ruby-2.2.1@so/gems/actionpack-4.2.1/lib/action_dispatch/middleware/templates/rescues/_source.erb (4.5ms)
  Rendered /home/ostap/.rvm/gems/ruby-2.2.1@so/gems/actionpack-4.2.1/lib/action_dispatch/middleware/templates/rescues/_trace.html.erb (1.9ms)
  Rendered /home/ostap/.rvm/gems/ruby-2.2.1@so/gems/actionpack-4.2.1/lib/action_dispatch/middleware/templates/rescues/_request_and_response.html.erb (0.9ms)
  Rendered /home/ostap/.rvm/gems/ruby-2.2.1@so/gems/actionpack-4.2.1/lib/action_dispatch/middleware/templates/rescues/diagnostics.html.erb within rescues/layout (24.3ms)
  Rendered /home/ostap/.rvm/gems/ruby-2.2.1@so/gems/web-console-2.1.2/lib/web_console/templates/_markup.html.erb (0.3ms)
  Rendered /home/ostap/.rvm/gems/ruby-2.2.1@so/gems/web-console-2.1.2/lib/web_console/templates/style.css.erb within layouts/inlined_string (0.3ms)
  Rendered /home/ostap/.rvm/gems/ruby-2.2.1@so/gems/web-console-2.1.2/lib/web_console/templates/_inner_console_markup.html.erb within layouts/inlined_string (0.4ms)
  Rendered /home/ostap/.rvm/gems/ruby-2.2.1@so/gems/web-console-2.1.2/lib/web_console/templates/_prompt_box_markup.html.erb within layouts/inlined_string (0.7ms)
  Rendered /home/ostap/.rvm/gems/ruby-2.2.1@so/gems/web-console-2.1.2/lib/web_console/templates/console.js.erb within layouts/javascript (20.0ms)
  Rendered /home/ostap/.rvm/gems/ruby-2.2.1@so/gems/web-console-2.1.2/lib/web_console/templates/main.js.erb within layouts/javascript (0.3ms)
  Rendered /home/ostap/.rvm/gems/ruby-2.2.1@so/gems/web-console-2.1.2/lib/web_console/templates/error_page.js.erb within layouts/javascript (0.7ms)
  Rendered /home/ostap/.rvm/gems/ruby-2.2.1@so/gems/web-console-2.1.2/lib/web_console/templates/index.html.erb (39.2ms)


Started GET "/evernote" for 127.0.0.1 at 2015-05-06 12:18:41 +0300
Processing by EvernoteController#index as HTML
Completed 500 Internal Server Error in 2583ms (ActiveRecord: 0.0ms)

Evernote::EDAM::Error::EDAMUserException ():
  app/controllers/evernote_controller.rb:64:in `note_store'
  app/controllers/evernote_controller.rb:72:in `notebooks'
  app/controllers/evernote_controller.rb:6:in `index'


  Rendered /home/ostap/.rvm/gems/ruby-2.2.1@so/gems/actionpack-4.2.1/lib/action_dispatch/middleware/templates/rescues/_source.erb (5.3ms)
  Rendered /home/ostap/.rvm/gems/ruby-2.2.1@so/gems/actionpack-4.2.1/lib/action_dispatch/middleware/templates/rescues/_trace.html.erb (2.5ms)
  Rendered /home/ostap/.rvm/gems/ruby-2.2.1@so/gems/actionpack-4.2.1/lib/action_dispatch/middleware/templates/rescues/_request_and_response.html.erb (0.9ms)
  Rendered /home/ostap/.rvm/gems/ruby-2.2.1@so/gems/actionpack-4.2.1/lib/action_dispatch/middleware/templates/rescues/diagnostics.html.erb within rescues/layout (23.1ms)
  Rendered /home/ostap/.rvm/gems/ruby-2.2.1@so/gems/web-console-2.1.2/lib/web_console/templates/_markup.html.erb (0.4ms)
  Rendered /home/ostap/.rvm/gems/ruby-2.2.1@so/gems/web-console-2.1.2/lib/web_console/templates/style.css.erb within layouts/inlined_string (0.5ms)
  Rendered /home/ostap/.rvm/gems/ruby-2.2.1@so/gems/web-console-2.1.2/lib/web_console/templates/_inner_console_markup.html.erb within layouts/inlined_string (0.6ms)
  Rendered /home/ostap/.rvm/gems/ruby-2.2.1@so/gems/web-console-2.1.2/lib/web_console/templates/_prompt_box_markup.html.erb within layouts/inlined_string (0.3ms)
  Rendered /home/ostap/.rvm/gems/ruby-2.2.1@so/gems/web-console-2.1.2/lib/web_console/templates/console.js.erb within layouts/javascript (20.7ms)
  Rendered /home/ostap/.rvm/gems/ruby-2.2.1@so/gems/web-console-2.1.2/lib/web_console/templates/main.js.erb within layouts/javascript (0.4ms)
  Rendered /home/ostap/.rvm/gems/ruby-2.2.1@so/gems/web-console-2.1.2/lib/web_console/templates/error_page.js.erb within layouts/javascript (0.3ms)
  Rendered /home/ostap/.rvm/gems/ruby-2.2.1@so/gems/web-console-2.1.2/lib/web_console/templates/index.html.erb (40.3ms)


Started GET "/evernote" for 127.0.0.1 at 2015-05-06 12:19:20 +0300
Processing by EvernoteController#index as HTML
Completed 500 Internal Server Error in 3701ms (ActiveRecord: 0.0ms)

Evernote::EDAM::Error::EDAMUserException ():
  app/controllers/evernote_controller.rb:64:in `note_store'
  app/controllers/evernote_controller.rb:72:in `notebooks'
  app/controllers/evernote_controller.rb:6:in `index'


  Rendered /home/ostap/.rvm/gems/ruby-2.2.1@so/gems/actionpack-4.2.1/lib/action_dispatch/middleware/templates/rescues/_source.erb (5.6ms)
  Rendered /home/ostap/.rvm/gems/ruby-2.2.1@so/gems/actionpack-4.2.1/lib/action_dispatch/middleware/templates/rescues/_trace.html.erb (2.0ms)
  Rendered /home/ostap/.rvm/gems/ruby-2.2.1@so/gems/actionpack-4.2.1/lib/action_dispatch/middleware/templates/rescues/_request_and_response.html.erb (1.1ms)
  Rendered /home/ostap/.rvm/gems/ruby-2.2.1@so/gems/actionpack-4.2.1/lib/action_dispatch/middleware/templates/rescues/diagnostics.html.erb within rescues/layout (24.3ms)
  Rendered /home/ostap/.rvm/gems/ruby-2.2.1@so/gems/web-console-2.1.2/lib/web_console/templates/_markup.html.erb (0.4ms)
  Rendered /home/ostap/.rvm/gems/ruby-2.2.1@so/gems/web-console-2.1.2/lib/web_console/templates/style.css.erb within layouts/inlined_string (0.3ms)
  Rendered /home/ostap/.rvm/gems/ruby-2.2.1@so/gems/web-console-2.1.2/lib/web_console/templates/_inner_console_markup.html.erb within layouts/inlined_string (0.9ms)
  Rendered /home/ostap/.rvm/gems/ruby-2.2.1@so/gems/web-console-2.1.2/lib/web_console/templates/_prompt_box_markup.html.erb within layouts/inlined_string (0.3ms)
  Rendered /home/ostap/.rvm/gems/ruby-2.2.1@so/gems/web-console-2.1.2/lib/web_console/templates/console.js.erb within layouts/javascript (19.4ms)
  Rendered /home/ostap/.rvm/gems/ruby-2.2.1@so/gems/web-console-2.1.2/lib/web_console/templates/main.js.erb within layouts/javascript (0.3ms)
  Rendered /home/ostap/.rvm/gems/ruby-2.2.1@so/gems/web-console-2.1.2/lib/web_console/templates/error_page.js.erb within layouts/javascript (1.3ms)
  Rendered /home/ostap/.rvm/gems/ruby-2.2.1@so/gems/web-console-2.1.2/lib/web_console/templates/index.html.erb (39.0ms)


Started GET "/evernote" for 127.0.0.1 at 2015-05-06 12:40:47 +0300
Processing by EvernoteController#index as HTML
Completed 500 Internal Server Error in 3740ms (ActiveRecord: 0.0ms)

Evernote::EDAM::Error::EDAMUserException ():
  app/controllers/evernote_controller.rb:64:in `note_store'
  app/controllers/evernote_controller.rb:72:in `notebooks'
  app/controllers/evernote_controller.rb:6:in `index'


  Rendered /home/ostap/.rvm/gems/ruby-2.2.1@so/gems/actionpack-4.2.1/lib/action_dispatch/middleware/templates/rescues/_source.erb (5.5ms)
  Rendered /home/ostap/.rvm/gems/ruby-2.2.1@so/gems/actionpack-4.2.1/lib/action_dispatch/middleware/templates/rescues/_trace.html.erb (2.1ms)
  Rendered /home/ostap/.rvm/gems/ruby-2.2.1@so/gems/actionpack-4.2.1/lib/action_dispatch/middleware/templates/rescues/_request_and_response.html.erb (1.0ms)
  Rendered /home/ostap/.rvm/gems/ruby-2.2.1@so/gems/actionpack-4.2.1/lib/action_dispatch/middleware/templates/rescues/diagnostics.html.erb within rescues/layout (23.7ms)
  Rendered /home/ostap/.rvm/gems/ruby-2.2.1@so/gems/web-console-2.1.2/lib/web_console/templates/_markup.html.erb (0.4ms)
  Rendered /home/ostap/.rvm/gems/ruby-2.2.1@so/gems/web-console-2.1.2/lib/web_console/templates/style.css.erb within layouts/inlined_string (0.5ms)
  Rendered /home/ostap/.rvm/gems/ruby-2.2.1@so/gems/web-console-2.1.2/lib/web_console/templates/_inner_console_markup.html.erb within layouts/inlined_string (0.5ms)
  Rendered /home/ostap/.rvm/gems/ruby-2.2.1@so/gems/web-console-2.1.2/lib/web_console/templates/_prompt_box_markup.html.erb within layouts/inlined_string (0.1ms)
  Rendered /home/ostap/.rvm/gems/ruby-2.2.1@so/gems/web-console-2.1.2/lib/web_console/templates/console.js.erb within layouts/javascript (21.0ms)
  Rendered /home/ostap/.rvm/gems/ruby-2.2.1@so/gems/web-console-2.1.2/lib/web_console/templates/main.js.erb within layouts/javascript (0.5ms)
  Rendered /home/ostap/.rvm/gems/ruby-2.2.1@so/gems/web-console-2.1.2/lib/web_console/templates/error_page.js.erb within layouts/javascript (0.5ms)
  Rendered /home/ostap/.rvm/gems/ruby-2.2.1@so/gems/web-console-2.1.2/lib/web_console/templates/index.html.erb (40.7ms)


Started GET "/evernote" for 127.0.0.1 at 2015-05-06 12:41:02 +0300
Processing by EvernoteController#index as HTML
Completed 500 Internal Server Error in 5ms (ActiveRecord: 0.0ms)

NoMethodError (undefined method `ap' for #<EvernoteController:0xad24ad8>):
  app/controllers/evernote_controller.rb:13:in `requesttoken'


  Rendered /home/ostap/.rvm/gems/ruby-2.2.1@so/gems/actionpack-4.2.1/lib/action_dispatch/middleware/templates/rescues/_source.erb (10.3ms)
  Rendered /home/ostap/.rvm/gems/ruby-2.2.1@so/gems/actionpack-4.2.1/lib/action_dispatch/middleware/templates/rescues/_trace.html.erb (1.8ms)
  Rendered /home/ostap/.rvm/gems/ruby-2.2.1@so/gems/actionpack-4.2.1/lib/action_dispatch/middleware/templates/rescues/_request_and_response.html.erb (0.9ms)
  Rendered /home/ostap/.rvm/gems/ruby-2.2.1@so/gems/actionpack-4.2.1/lib/action_dispatch/middleware/templates/rescues/diagnostics.html.erb within rescues/layout (31.4ms)
  Rendered /home/ostap/.rvm/gems/ruby-2.2.1@so/gems/web-console-2.1.2/lib/web_console/templates/_markup.html.erb (0.4ms)
  Rendered /home/ostap/.rvm/gems/ruby-2.2.1@so/gems/web-console-2.1.2/lib/web_console/templates/style.css.erb within layouts/inlined_string (0.4ms)
  Rendered /home/ostap/.rvm/gems/ruby-2.2.1@so/gems/web-console-2.1.2/lib/web_console/templates/_inner_console_markup.html.erb within layouts/inlined_string (0.4ms)
  Rendered /home/ostap/.rvm/gems/ruby-2.2.1@so/gems/web-console-2.1.2/lib/web_console/templates/_prompt_box_markup.html.erb within layouts/inlined_string (0.3ms)
  Rendered /home/ostap/.rvm/gems/ruby-2.2.1@so/gems/web-console-2.1.2/lib/web_console/templates/console.js.erb within layouts/javascript (22.4ms)
  Rendered /home/ostap/.rvm/gems/ruby-2.2.1@so/gems/web-console-2.1.2/lib/web_console/templates/main.js.erb within layouts/javascript (0.4ms)
  Rendered /home/ostap/.rvm/gems/ruby-2.2.1@so/gems/web-console-2.1.2/lib/web_console/templates/error_page.js.erb within layouts/javascript (0.4ms)
  Rendered /home/ostap/.rvm/gems/ruby-2.2.1@so/gems/web-console-2.1.2/lib/web_console/templates/index.html.erb (44.8ms)


Started GET "/evernote" for 127.0.0.1 at 2015-05-06 12:41:22 +0300
Processing by EvernoteController#index as HTML
Completed 500 Internal Server Error in 5ms (ActiveRecord: 0.0ms)

NoMethodError (undefined method `ap' for #<EvernoteController:0xb52cfc58>):
  app/controllers/evernote_controller.rb:13:in `requesttoken'


  Rendered /home/ostap/.rvm/gems/ruby-2.2.1@so/gems/actionpack-4.2.1/lib/action_dispatch/middleware/templates/rescues/_source.erb (4.6ms)
  Rendered /home/ostap/.rvm/gems/ruby-2.2.1@so/gems/actionpack-4.2.1/lib/action_dispatch/middleware/templates/rescues/_trace.html.erb (2.7ms)
  Rendered /home/ostap/.rvm/gems/ruby-2.2.1@so/gems/actionpack-4.2.1/lib/action_dispatch/middleware/templates/rescues/_request_and_response.html.erb (0.9ms)
  Rendered /home/ostap/.rvm/gems/ruby-2.2.1@so/gems/actionpack-4.2.1/lib/action_dispatch/middleware/templates/rescues/diagnostics.html.erb within rescues/layout (26.9ms)
  Rendered /home/ostap/.rvm/gems/ruby-2.2.1@so/gems/web-console-2.1.2/lib/web_console/templates/_markup.html.erb (0.4ms)
  Rendered /home/ostap/.rvm/gems/ruby-2.2.1@so/gems/web-console-2.1.2/lib/web_console/templates/style.css.erb within layouts/inlined_string (0.4ms)
  Rendered /home/ostap/.rvm/gems/ruby-2.2.1@so/gems/web-console-2.1.2/lib/web_console/templates/_inner_console_markup.html.erb within layouts/inlined_string (0.4ms)
  Rendered /home/ostap/.rvm/gems/ruby-2.2.1@so/gems/web-console-2.1.2/lib/web_console/templates/_prompt_box_markup.html.erb within layouts/inlined_string (0.3ms)
  Rendered /home/ostap/.rvm/gems/ruby-2.2.1@so/gems/web-console-2.1.2/lib/web_console/templates/console.js.erb within layouts/javascript (22.3ms)
  Rendered /home/ostap/.rvm/gems/ruby-2.2.1@so/gems/web-console-2.1.2/lib/web_console/templates/main.js.erb within layouts/javascript (0.2ms)
  Rendered /home/ostap/.rvm/gems/ruby-2.2.1@so/gems/web-console-2.1.2/lib/web_console/templates/error_page.js.erb within layouts/javascript (0.4ms)
  Rendered /home/ostap/.rvm/gems/ruby-2.2.1@so/gems/web-console-2.1.2/lib/web_console/templates/index.html.erb (40.0ms)


Started GET "/evernote" for 127.0.0.1 at 2015-05-06 12:41:29 +0300
Processing by EvernoteController#index as HTML
Completed 500 Internal Server Error in 3753ms (ActiveRecord: 0.0ms)

Evernote::EDAM::Error::EDAMUserException ():
  app/controllers/evernote_controller.rb:65:in `note_store'
  app/controllers/evernote_controller.rb:73:in `notebooks'
  app/controllers/evernote_controller.rb:6:in `index'


  Rendered /home/ostap/.rvm/gems/ruby-2.2.1@so/gems/actionpack-4.2.1/lib/action_dispatch/middleware/templates/rescues/_source.erb (4.3ms)
  Rendered /home/ostap/.rvm/gems/ruby-2.2.1@so/gems/actionpack-4.2.1/lib/action_dispatch/middleware/templates/rescues/_trace.html.erb (2.2ms)
  Rendered /home/ostap/.rvm/gems/ruby-2.2.1@so/gems/actionpack-4.2.1/lib/action_dispatch/middleware/templates/rescues/_request_and_response.html.erb (0.9ms)
  Rendered /home/ostap/.rvm/gems/ruby-2.2.1@so/gems/actionpack-4.2.1/lib/action_dispatch/middleware/templates/rescues/diagnostics.html.erb within rescues/layout (23.6ms)
  Rendered /home/ostap/.rvm/gems/ruby-2.2.1@so/gems/web-console-2.1.2/lib/web_console/templates/_markup.html.erb (0.6ms)
  Rendered /home/ostap/.rvm/gems/ruby-2.2.1@so/gems/web-console-2.1.2/lib/web_console/templates/style.css.erb within layouts/inlined_string (0.4ms)
  Rendered /home/ostap/.rvm/gems/ruby-2.2.1@so/gems/web-console-2.1.2/lib/web_console/templates/_inner_console_markup.html.erb within layouts/inlined_string (0.4ms)
  Rendered /home/ostap/.rvm/gems/ruby-2.2.1@so/gems/web-console-2.1.2/lib/web_console/templates/_prompt_box_markup.html.erb within layouts/inlined_string (0.3ms)
  Rendered /home/ostap/.rvm/gems/ruby-2.2.1@so/gems/web-console-2.1.2/lib/web_console/templates/console.js.erb within layouts/javascript (19.5ms)
  Rendered /home/ostap/.rvm/gems/ruby-2.2.1@so/gems/web-console-2.1.2/lib/web_console/templates/main.js.erb within layouts/javascript (0.2ms)
  Rendered /home/ostap/.rvm/gems/ruby-2.2.1@so/gems/web-console-2.1.2/lib/web_console/templates/error_page.js.erb within layouts/javascript (0.9ms)
  Rendered /home/ostap/.rvm/gems/ruby-2.2.1@so/gems/web-console-2.1.2/lib/web_console/templates/index.html.erb (41.4ms)


Started GET "/evernote" for 127.0.0.1 at 2015-05-06 12:42:02 +0300
Processing by EvernoteController#index as HTML
Completed 500 Internal Server Error in 3682ms (ActiveRecord: 0.0ms)

Evernote::EDAM::Error::EDAMUserException ():
  app/controllers/evernote_controller.rb:65:in `note_store'
  app/controllers/evernote_controller.rb:73:in `notebooks'
  app/controllers/evernote_controller.rb:6:in `index'


  Rendered /home/ostap/.rvm/gems/ruby-2.2.1@so/gems/actionpack-4.2.1/lib/action_dispatch/middleware/templates/rescues/_source.erb (5.0ms)
  Rendered /home/ostap/.rvm/gems/ruby-2.2.1@so/gems/actionpack-4.2.1/lib/action_dispatch/middleware/templates/rescues/_trace.html.erb (3.1ms)
  Rendered /home/ostap/.rvm/gems/ruby-2.2.1@so/gems/actionpack-4.2.1/lib/action_dispatch/middleware/templates/rescues/_request_and_response.html.erb (1.0ms)
  Rendered /home/ostap/.rvm/gems/ruby-2.2.1@so/gems/actionpack-4.2.1/lib/action_dispatch/middleware/templates/rescues/diagnostics.html.erb within rescues/layout (23.0ms)
  Rendered /home/ostap/.rvm/gems/ruby-2.2.1@so/gems/web-console-2.1.2/lib/web_console/templates/_markup.html.erb (0.4ms)
  Rendered /home/ostap/.rvm/gems/ruby-2.2.1@so/gems/web-console-2.1.2/lib/web_console/templates/style.css.erb within layouts/inlined_string (0.3ms)
  Rendered /home/ostap/.rvm/gems/ruby-2.2.1@so/gems/web-console-2.1.2/lib/web_console/templates/_inner_console_markup.html.erb within layouts/inlined_string (0.4ms)
  Rendered /home/ostap/.rvm/gems/ruby-2.2.1@so/gems/web-console-2.1.2/lib/web_console/templates/_prompt_box_markup.html.erb within layouts/inlined_string (0.3ms)
  Rendered /home/ostap/.rvm/gems/ruby-2.2.1@so/gems/web-console-2.1.2/lib/web_console/templates/console.js.erb within layouts/javascript (21.6ms)
  Rendered /home/ostap/.rvm/gems/ruby-2.2.1@so/gems/web-console-2.1.2/lib/web_console/templates/main.js.erb within layouts/javascript (0.4ms)
  Rendered /home/ostap/.rvm/gems/ruby-2.2.1@so/gems/web-console-2.1.2/lib/web_console/templates/error_page.js.erb within layouts/javascript (0.7ms)
  Rendered /home/ostap/.rvm/gems/ruby-2.2.1@so/gems/web-console-2.1.2/lib/web_console/templates/index.html.erb (41.2ms)


Started GET "/evernote" for 127.0.0.1 at 2015-05-06 12:42:43 +0300
Processing by EvernoteController#index as HTML
Completed 500 Internal Server Error in 3718ms (ActiveRecord: 0.0ms)

Evernote::EDAM::Error::EDAMUserException ():
  app/controllers/evernote_controller.rb:65:in `note_store'
  app/controllers/evernote_controller.rb:73:in `notebooks'
  app/controllers/evernote_controller.rb:6:in `index'


  Rendered /home/ostap/.rvm/gems/ruby-2.2.1@so/gems/actionpack-4.2.1/lib/action_dispatch/middleware/templates/rescues/_source.erb (5.5ms)
  Rendered /home/ostap/.rvm/gems/ruby-2.2.1@so/gems/actionpack-4.2.1/lib/action_dispatch/middleware/templates/rescues/_trace.html.erb (2.2ms)
  Rendered /home/ostap/.rvm/gems/ruby-2.2.1@so/gems/actionpack-4.2.1/lib/action_dispatch/middleware/templates/rescues/_request_and_response.html.erb (1.7ms)
  Rendered /home/ostap/.rvm/gems/ruby-2.2.1@so/gems/actionpack-4.2.1/lib/action_dispatch/middleware/templates/rescues/diagnostics.html.erb within rescues/layout (23.5ms)
  Rendered /home/ostap/.rvm/gems/ruby-2.2.1@so/gems/web-console-2.1.2/lib/web_console/templates/_markup.html.erb (0.4ms)
  Rendered /home/ostap/.rvm/gems/ruby-2.2.1@so/gems/web-console-2.1.2/lib/web_console/templates/style.css.erb within layouts/inlined_string (0.3ms)
  Rendered /home/ostap/.rvm/gems/ruby-2.2.1@so/gems/web-console-2.1.2/lib/web_console/templates/_inner_console_markup.html.erb within layouts/inlined_string (0.3ms)
  Rendered /home/ostap/.rvm/gems/ruby-2.2.1@so/gems/web-console-2.1.2/lib/web_console/templates/_prompt_box_markup.html.erb within layouts/inlined_string (0.5ms)
  Rendered /home/ostap/.rvm/gems/ruby-2.2.1@so/gems/web-console-2.1.2/lib/web_console/templates/console.js.erb within layouts/javascript (20.0ms)
  Rendered /home/ostap/.rvm/gems/ruby-2.2.1@so/gems/web-console-2.1.2/lib/web_console/templates/main.js.erb within layouts/javascript (0.5ms)
  Rendered /home/ostap/.rvm/gems/ruby-2.2.1@so/gems/web-console-2.1.2/lib/web_console/templates/error_page.js.erb within layouts/javascript (0.9ms)
  Rendered /home/ostap/.rvm/gems/ruby-2.2.1@so/gems/web-console-2.1.2/lib/web_console/templates/index.html.erb (44.1ms)


Started GET "/evernote" for 127.0.0.1 at 2015-05-06 12:43:19 +0300
Processing by EvernoteController#index as HTML
Completed 500 Internal Server Error in 3723ms (ActiveRecord: 0.0ms)

Evernote::EDAM::Error::EDAMUserException ():
  app/controllers/evernote_controller.rb:66:in `note_store'
  app/controllers/evernote_controller.rb:74:in `notebooks'
  app/controllers/evernote_controller.rb:6:in `index'


  Rendered /home/ostap/.rvm/gems/ruby-2.2.1@so/gems/actionpack-4.2.1/lib/action_dispatch/middleware/templates/rescues/_source.erb (4.3ms)
  Rendered /home/ostap/.rvm/gems/ruby-2.2.1@so/gems/actionpack-4.2.1/lib/action_dispatch/middleware/templates/rescues/_trace.html.erb (2.8ms)
  Rendered /home/ostap/.rvm/gems/ruby-2.2.1@so/gems/actionpack-4.2.1/lib/action_dispatch/middleware/templates/rescues/_request_and_response.html.erb (0.9ms)
  Rendered /home/ostap/.rvm/gems/ruby-2.2.1@so/gems/actionpack-4.2.1/lib/action_dispatch/middleware/templates/rescues/diagnostics.html.erb within rescues/layout (22.7ms)
  Rendered /home/ostap/.rvm/gems/ruby-2.2.1@so/gems/web-console-2.1.2/lib/web_console/templates/_markup.html.erb (0.4ms)
  Rendered /home/ostap/.rvm/gems/ruby-2.2.1@so/gems/web-console-2.1.2/lib/web_console/templates/style.css.erb within layouts/inlined_string (0.5ms)
  Rendered /home/ostap/.rvm/gems/ruby-2.2.1@so/gems/web-console-2.1.2/lib/web_console/templates/_inner_console_markup.html.erb within layouts/inlined_string (0.4ms)
  Rendered /home/ostap/.rvm/gems/ruby-2.2.1@so/gems/web-console-2.1.2/lib/web_console/templates/_prompt_box_markup.html.erb within layouts/inlined_string (0.3ms)
  Rendered /home/ostap/.rvm/gems/ruby-2.2.1@so/gems/web-console-2.1.2/lib/web_console/templates/console.js.erb within layouts/javascript (19.1ms)
  Rendered /home/ostap/.rvm/gems/ruby-2.2.1@so/gems/web-console-2.1.2/lib/web_console/templates/main.js.erb within layouts/javascript (0.3ms)
  Rendered /home/ostap/.rvm/gems/ruby-2.2.1@so/gems/web-console-2.1.2/lib/web_console/templates/error_page.js.erb within layouts/javascript (0.5ms)
  Rendered /home/ostap/.rvm/gems/ruby-2.2.1@so/gems/web-console-2.1.2/lib/web_console/templates/index.html.erb (39.3ms)


Started GET "/evernote" for 127.0.0.1 at 2015-05-06 12:44:07 +0300
Processing by EvernoteController#index as HTML
Completed 500 Internal Server Error in 3697ms (ActiveRecord: 0.0ms)

Evernote::EDAM::Error::EDAMUserException ():
  app/controllers/evernote_controller.rb:67:in `note_store'
  app/controllers/evernote_controller.rb:75:in `notebooks'
  app/controllers/evernote_controller.rb:6:in `index'


  Rendered /home/ostap/.rvm/gems/ruby-2.2.1@so/gems/actionpack-4.2.1/lib/action_dispatch/middleware/templates/rescues/_source.erb (4.5ms)
  Rendered /home/ostap/.rvm/gems/ruby-2.2.1@so/gems/actionpack-4.2.1/lib/action_dispatch/middleware/templates/rescues/_trace.html.erb (2.1ms)
  Rendered /home/ostap/.rvm/gems/ruby-2.2.1@so/gems/actionpack-4.2.1/lib/action_dispatch/middleware/templates/rescues/_request_and_response.html.erb (1.0ms)
  Rendered /home/ostap/.rvm/gems/ruby-2.2.1@so/gems/actionpack-4.2.1/lib/action_dispatch/middleware/templates/rescues/diagnostics.html.erb within rescues/layout (23.8ms)
  Rendered /home/ostap/.rvm/gems/ruby-2.2.1@so/gems/web-console-2.1.2/lib/web_console/templates/_markup.html.erb (0.5ms)
  Rendered /home/ostap/.rvm/gems/ruby-2.2.1@so/gems/web-console-2.1.2/lib/web_console/templates/style.css.erb within layouts/inlined_string (0.3ms)
  Rendered /home/ostap/.rvm/gems/ruby-2.2.1@so/gems/web-console-2.1.2/lib/web_console/templates/_inner_console_markup.html.erb within layouts/inlined_string (0.4ms)
  Rendered /home/ostap/.rvm/gems/ruby-2.2.1@so/gems/web-console-2.1.2/lib/web_console/templates/_prompt_box_markup.html.erb within layouts/inlined_string (0.5ms)
  Rendered /home/ostap/.rvm/gems/ruby-2.2.1@so/gems/web-console-2.1.2/lib/web_console/templates/console.js.erb within layouts/javascript (20.5ms)
  Rendered /home/ostap/.rvm/gems/ruby-2.2.1@so/gems/web-console-2.1.2/lib/web_console/templates/main.js.erb within layouts/javascript (0.4ms)
  Rendered /home/ostap/.rvm/gems/ruby-2.2.1@so/gems/web-console-2.1.2/lib/web_console/templates/error_page.js.erb within layouts/javascript (0.4ms)
  Rendered /home/ostap/.rvm/gems/ruby-2.2.1@so/gems/web-console-2.1.2/lib/web_console/templates/index.html.erb (39.8ms)


Started GET "/evernote" for 127.0.0.1 at 2015-05-06 12:45:03 +0300
Processing by EvernoteController#index as HTML
Completed 500 Internal Server Error in 2289ms (ActiveRecord: 0.0ms)

OAuth::Unauthorized (401 Unauthorized):
  app/controllers/evernote_controller.rb:16:in `requesttoken'


  Rendered /home/ostap/.rvm/gems/ruby-2.2.1@so/gems/actionpack-4.2.1/lib/action_dispatch/middleware/templates/rescues/_source.erb (4.3ms)
  Rendered /home/ostap/.rvm/gems/ruby-2.2.1@so/gems/actionpack-4.2.1/lib/action_dispatch/middleware/templates/rescues/_trace.html.erb (1.5ms)
  Rendered /home/ostap/.rvm/gems/ruby-2.2.1@so/gems/actionpack-4.2.1/lib/action_dispatch/middleware/templates/rescues/_request_and_response.html.erb (0.9ms)
  Rendered /home/ostap/.rvm/gems/ruby-2.2.1@so/gems/actionpack-4.2.1/lib/action_dispatch/middleware/templates/rescues/diagnostics.html.erb within rescues/layout (22.3ms)
  Rendered /home/ostap/.rvm/gems/ruby-2.2.1@so/gems/web-console-2.1.2/lib/web_console/templates/_markup.html.erb (0.4ms)
  Rendered /home/ostap/.rvm/gems/ruby-2.2.1@so/gems/web-console-2.1.2/lib/web_console/templates/style.css.erb within layouts/inlined_string (0.4ms)
  Rendered /home/ostap/.rvm/gems/ruby-2.2.1@so/gems/web-console-2.1.2/lib/web_console/templates/_inner_console_markup.html.erb within layouts/inlined_string (0.5ms)
  Rendered /home/ostap/.rvm/gems/ruby-2.2.1@so/gems/web-console-2.1.2/lib/web_console/templates/_prompt_box_markup.html.erb within layouts/inlined_string (0.1ms)
  Rendered /home/ostap/.rvm/gems/ruby-2.2.1@so/gems/web-console-2.1.2/lib/web_console/templates/console.js.erb within layouts/javascript (19.4ms)
  Rendered /home/ostap/.rvm/gems/ruby-2.2.1@so/gems/web-console-2.1.2/lib/web_console/templates/main.js.erb within layouts/javascript (0.4ms)
  Rendered /home/ostap/.rvm/gems/ruby-2.2.1@so/gems/web-console-2.1.2/lib/web_console/templates/error_page.js.erb within layouts/javascript (0.4ms)
  Rendered /home/ostap/.rvm/gems/ruby-2.2.1@so/gems/web-console-2.1.2/lib/web_console/templates/index.html.erb (38.1ms)


Started GET "/evernote" for 127.0.0.1 at 2015-05-06 12:45:31 +0300
Processing by EvernoteController#index as HTML
Completed 500 Internal Server Error in 2257ms (ActiveRecord: 0.0ms)

OAuth::Unauthorized (401 Unauthorized):
  app/controllers/evernote_controller.rb:16:in `requesttoken'


  Rendered /home/ostap/.rvm/gems/ruby-2.2.1@so/gems/actionpack-4.2.1/lib/action_dispatch/middleware/templates/rescues/_source.erb (4.6ms)
  Rendered /home/ostap/.rvm/gems/ruby-2.2.1@so/gems/actionpack-4.2.1/lib/action_dispatch/middleware/templates/rescues/_trace.html.erb (2.6ms)
  Rendered /home/ostap/.rvm/gems/ruby-2.2.1@so/gems/actionpack-4.2.1/lib/action_dispatch/middleware/templates/rescues/_request_and_response.html.erb (1.2ms)
  Rendered /home/ostap/.rvm/gems/ruby-2.2.1@so/gems/actionpack-4.2.1/lib/action_dispatch/middleware/templates/rescues/diagnostics.html.erb within rescues/layout (23.9ms)
  Rendered /home/ostap/.rvm/gems/ruby-2.2.1@so/gems/web-console-2.1.2/lib/web_console/templates/_markup.html.erb (0.4ms)
  Rendered /home/ostap/.rvm/gems/ruby-2.2.1@so/gems/web-console-2.1.2/lib/web_console/templates/style.css.erb within layouts/inlined_string (0.7ms)
  Rendered /home/ostap/.rvm/gems/ruby-2.2.1@so/gems/web-console-2.1.2/lib/web_console/templates/_inner_console_markup.html.erb within layouts/inlined_string (0.5ms)
  Rendered /home/ostap/.rvm/gems/ruby-2.2.1@so/gems/web-console-2.1.2/lib/web_console/templates/_prompt_box_markup.html.erb within layouts/inlined_string (0.3ms)
  Rendered /home/ostap/.rvm/gems/ruby-2.2.1@so/gems/web-console-2.1.2/lib/web_console/templates/console.js.erb within layouts/javascript (19.8ms)
  Rendered /home/ostap/.rvm/gems/ruby-2.2.1@so/gems/web-console-2.1.2/lib/web_console/templates/main.js.erb within layouts/javascript (0.4ms)
  Rendered /home/ostap/.rvm/gems/ruby-2.2.1@so/gems/web-console-2.1.2/lib/web_console/templates/error_page.js.erb within layouts/javascript (0.5ms)
  Rendered /home/ostap/.rvm/gems/ruby-2.2.1@so/gems/web-console-2.1.2/lib/web_console/templates/index.html.erb (39.3ms)


Started GET "/" for 127.0.0.1 at 2015-05-06 12:56:06 +0300
Processing by HomeController#index as HTML
Completed 500 Internal Server Error in 18ms (ActiveRecord: 0.0ms)

NameError (uninitialized constant HomeController::UserStoreController):
  app/controllers/home_controller.rb:3:in `index'


  Rendered /home/ostap/.rvm/gems/ruby-2.2.1@so/gems/actionpack-4.2.1/lib/action_dispatch/middleware/templates/rescues/_source.erb (4.2ms)
  Rendered /home/ostap/.rvm/gems/ruby-2.2.1@so/gems/actionpack-4.2.1/lib/action_dispatch/middleware/templates/rescues/_trace.html.erb (2.5ms)
  Rendered /home/ostap/.rvm/gems/ruby-2.2.1@so/gems/actionpack-4.2.1/lib/action_dispatch/middleware/templates/rescues/_request_and_response.html.erb (0.8ms)
  Rendered /home/ostap/.rvm/gems/ruby-2.2.1@so/gems/actionpack-4.2.1/lib/action_dispatch/middleware/templates/rescues/diagnostics.html.erb within rescues/layout (23.8ms)
  Rendered /home/ostap/.rvm/gems/ruby-2.2.1@so/gems/web-console-2.1.2/lib/web_console/templates/_markup.html.erb (0.4ms)
  Rendered /home/ostap/.rvm/gems/ruby-2.2.1@so/gems/web-console-2.1.2/lib/web_console/templates/style.css.erb within layouts/inlined_string (0.3ms)
  Rendered /home/ostap/.rvm/gems/ruby-2.2.1@so/gems/web-console-2.1.2/lib/web_console/templates/_inner_console_markup.html.erb within layouts/inlined_string (0.5ms)
  Rendered /home/ostap/.rvm/gems/ruby-2.2.1@so/gems/web-console-2.1.2/lib/web_console/templates/_prompt_box_markup.html.erb within layouts/inlined_string (0.5ms)
  Rendered /home/ostap/.rvm/gems/ruby-2.2.1@so/gems/web-console-2.1.2/lib/web_console/templates/console.js.erb within layouts/javascript (19.1ms)
  Rendered /home/ostap/.rvm/gems/ruby-2.2.1@so/gems/web-console-2.1.2/lib/web_console/templates/main.js.erb within layouts/javascript (0.4ms)
  Rendered /home/ostap/.rvm/gems/ruby-2.2.1@so/gems/web-console-2.1.2/lib/web_console/templates/error_page.js.erb within layouts/javascript (0.4ms)
  Rendered /home/ostap/.rvm/gems/ruby-2.2.1@so/gems/web-console-2.1.2/lib/web_console/templates/index.html.erb (40.2ms)


Started GET "/" for 127.0.0.1 at 2015-05-06 12:56:53 +0300
Processing by HomeController#index as HTML
Completed 500 Internal Server Error in 7ms (ActiveRecord: 0.0ms)

NameError (uninitialized constant HomeController::NoteStoreController):
  app/controllers/home_controller.rb:11:in `index'


  Rendered /home/ostap/.rvm/gems/ruby-2.2.1@so/gems/actionpack-4.2.1/lib/action_dispatch/middleware/templates/rescues/_source.erb (4.6ms)
  Rendered /home/ostap/.rvm/gems/ruby-2.2.1@so/gems/actionpack-4.2.1/lib/action_dispatch/middleware/templates/rescues/_trace.html.erb (3.3ms)
  Rendered /home/ostap/.rvm/gems/ruby-2.2.1@so/gems/actionpack-4.2.1/lib/action_dispatch/middleware/templates/rescues/_request_and_response.html.erb (1.1ms)
  Rendered /home/ostap/.rvm/gems/ruby-2.2.1@so/gems/actionpack-4.2.1/lib/action_dispatch/middleware/templates/rescues/diagnostics.html.erb within rescues/layout (22.8ms)
  Rendered /home/ostap/.rvm/gems/ruby-2.2.1@so/gems/web-console-2.1.2/lib/web_console/templates/_markup.html.erb (0.8ms)
  Rendered /home/ostap/.rvm/gems/ruby-2.2.1@so/gems/web-console-2.1.2/lib/web_console/templates/style.css.erb within layouts/inlined_string (0.4ms)
  Rendered /home/ostap/.rvm/gems/ruby-2.2.1@so/gems/web-console-2.1.2/lib/web_console/templates/_inner_console_markup.html.erb within layouts/inlined_string (0.7ms)
  Rendered /home/ostap/.rvm/gems/ruby-2.2.1@so/gems/web-console-2.1.2/lib/web_console/templates/_prompt_box_markup.html.erb within layouts/inlined_string (0.4ms)
  Rendered /home/ostap/.rvm/gems/ruby-2.2.1@so/gems/web-console-2.1.2/lib/web_console/templates/console.js.erb within layouts/javascript (21.9ms)
  Rendered /home/ostap/.rvm/gems/ruby-2.2.1@so/gems/web-console-2.1.2/lib/web_console/templates/main.js.erb within layouts/javascript (0.3ms)
  Rendered /home/ostap/.rvm/gems/ruby-2.2.1@so/gems/web-console-2.1.2/lib/web_console/templates/error_page.js.erb within layouts/javascript (0.4ms)
  Rendered /home/ostap/.rvm/gems/ruby-2.2.1@so/gems/web-console-2.1.2/lib/web_console/templates/index.html.erb (39.8ms)


Started GET "/" for 127.0.0.1 at 2015-05-06 12:57:33 +0300
Processing by HomeController#index as HTML
Completed 500 Internal Server Error in 23ms (ActiveRecord: 0.0ms)

NameError (uninitialized constant HomeController::AdvancedController):
  app/controllers/home_controller.rb:18:in `index'


  Rendered /home/ostap/.rvm/gems/ruby-2.2.1@so/gems/actionpack-4.2.1/lib/action_dispatch/middleware/templates/rescues/_source.erb (5.0ms)
  Rendered /home/ostap/.rvm/gems/ruby-2.2.1@so/gems/actionpack-4.2.1/lib/action_dispatch/middleware/templates/rescues/_trace.html.erb (2.9ms)
  Rendered /home/ostap/.rvm/gems/ruby-2.2.1@so/gems/actionpack-4.2.1/lib/action_dispatch/middleware/templates/rescues/_request_and_response.html.erb (1.1ms)
  Rendered /home/ostap/.rvm/gems/ruby-2.2.1@so/gems/actionpack-4.2.1/lib/action_dispatch/middleware/templates/rescues/diagnostics.html.erb within rescues/layout (24.2ms)
  Rendered /home/ostap/.rvm/gems/ruby-2.2.1@so/gems/web-console-2.1.2/lib/web_console/templates/_markup.html.erb (0.3ms)
  Rendered /home/ostap/.rvm/gems/ruby-2.2.1@so/gems/web-console-2.1.2/lib/web_console/templates/style.css.erb within layouts/inlined_string (1.5ms)
  Rendered /home/ostap/.rvm/gems/ruby-2.2.1@so/gems/web-console-2.1.2/lib/web_console/templates/_inner_console_markup.html.erb within layouts/inlined_string (0.5ms)
  Rendered /home/ostap/.rvm/gems/ruby-2.2.1@so/gems/web-console-2.1.2/lib/web_console/templates/_prompt_box_markup.html.erb within layouts/inlined_string (0.4ms)
  Rendered /home/ostap/.rvm/gems/ruby-2.2.1@so/gems/web-console-2.1.2/lib/web_console/templates/console.js.erb within layouts/javascript (22.1ms)
  Rendered /home/ostap/.rvm/gems/ruby-2.2.1@so/gems/web-console-2.1.2/lib/web_console/templates/main.js.erb within layouts/javascript (0.5ms)
  Rendered /home/ostap/.rvm/gems/ruby-2.2.1@so/gems/web-console-2.1.2/lib/web_console/templates/error_page.js.erb within layouts/javascript (0.6ms)
  Rendered /home/ostap/.rvm/gems/ruby-2.2.1@so/gems/web-console-2.1.2/lib/web_console/templates/index.html.erb (40.9ms)


Started GET "/" for 127.0.0.1 at 2015-05-06 12:58:03 +0300
Processing by HomeController#index as HTML
  Rendered home/index.slim within layouts/application (22.0ms)
Completed 200 OK in 619ms (Views: 594.6ms | ActiveRecord: 0.0ms)


Started GET "/assets/evernote.self-e3b0c44298fc1c149afbf4c8996fb92427ae41e4649b934ca495991b7852b855.css?body=1" for 127.0.0.1 at 2015-05-06 12:58:04 +0300


Started GET "/assets/evernote.self-877aef30ae1b040ab8a3aba4e3e309a11d7f2612f44dde450b5c157aa5f95c05.js?body=1" for 127.0.0.1 at 2015-05-06 12:58:04 +0300


Started GET "/assets/application.self-e80e8f2318043e8af94dddc2adad5a4f09739a8ebb323b3ab31cd71d45fd9113.css?body=1" for 127.0.0.1 at 2015-05-06 12:58:04 +0300


Started GET "/assets/jquery_ujs.self-8e98a7a072a6cee1372d19fff9ff3e6aa1e39a37d89d6f06861637d061113ee7.js?body=1" for 127.0.0.1 at 2015-05-06 12:58:04 +0300


Started GET "/assets/jquery.self-d03a5518f45df77341bdbe6201ba3bfa547ebba8ed64f0ea56bfa5f96ea7c074.js?body=1" for 127.0.0.1 at 2015-05-06 12:58:04 +0300


Started GET "/assets/turbolinks.self-c37727e9bd6b2735da5c311aa83fead54ed0be6cc8bd9a65309e9c5abe2cbfff.js?body=1" for 127.0.0.1 at 2015-05-06 12:58:04 +0300


Started GET "/assets/application.self-3b8dabdc891efe46b9a144b400ad69e37d7e5876bdc39dee783419a69d7ca819.js?body=1" for 127.0.0.1 at 2015-05-06 12:58:04 +0300


Started GET "/" for 127.0.0.1 at 2015-05-06 12:59:35 +0300
Processing by HomeController#index as HTML
  Rendered home/index.slim within layouts/application (20.4ms)
Completed 500 Internal Server Error in 26ms (ActiveRecord: 0.0ms)

ActionView::Template::Error (uninitialized constant ActionView::CompiledTemplates::EVERNOTE_CONFIG):
    1: - if EVERNOTE_CONFIG['consumer_key'].blank? || EVERNOTE_CONFIG['consumer_secret'].blank?
    2:   h2 You have to set your Evernote Consumer Key and Consumer Secret in you environmental variables first.
    3:   ul
    4:     li= "CONSUMER_KEY: #{EVERNOTE_CONFIG['consumer_key']}"
  app/views/home/index.slim:1:in `_app_views_home_index_slim__813535399_84957580'


  Rendered /home/ostap/.rvm/gems/ruby-2.2.1@so/gems/actionpack-4.2.1/lib/action_dispatch/middleware/templates/rescues/_source.erb (6.4ms)
  Rendered /home/ostap/.rvm/gems/ruby-2.2.1@so/gems/actionpack-4.2.1/lib/action_dispatch/middleware/templates/rescues/_trace.html.erb (2.9ms)
  Rendered /home/ostap/.rvm/gems/ruby-2.2.1@so/gems/actionpack-4.2.1/lib/action_dispatch/middleware/templates/rescues/_request_and_response.html.erb (1.7ms)
  Rendered /home/ostap/.rvm/gems/ruby-2.2.1@so/gems/actionpack-4.2.1/lib/action_dispatch/middleware/templates/rescues/template_error.html.erb within rescues/layout (29.4ms)
  Rendered /home/ostap/.rvm/gems/ruby-2.2.1@so/gems/web-console-2.1.2/lib/web_console/templates/_markup.html.erb (0.4ms)
  Rendered /home/ostap/.rvm/gems/ruby-2.2.1@so/gems/web-console-2.1.2/lib/web_console/templates/style.css.erb within layouts/inlined_string (0.6ms)
  Rendered /home/ostap/.rvm/gems/ruby-2.2.1@so/gems/web-console-2.1.2/lib/web_console/templates/_inner_console_markup.html.erb within layouts/inlined_string (0.2ms)
  Rendered /home/ostap/.rvm/gems/ruby-2.2.1@so/gems/web-console-2.1.2/lib/web_console/templates/_prompt_box_markup.html.erb within layouts/inlined_string (0.5ms)
  Rendered /home/ostap/.rvm/gems/ruby-2.2.1@so/gems/web-console-2.1.2/lib/web_console/templates/console.js.erb within layouts/javascript (25.3ms)
  Rendered /home/ostap/.rvm/gems/ruby-2.2.1@so/gems/web-console-2.1.2/lib/web_console/templates/main.js.erb within layouts/javascript (0.5ms)
  Rendered /home/ostap/.rvm/gems/ruby-2.2.1@so/gems/web-console-2.1.2/lib/web_console/templates/error_page.js.erb within layouts/javascript (0.2ms)
  Rendered /home/ostap/.rvm/gems/ruby-2.2.1@so/gems/web-console-2.1.2/lib/web_console/templates/index.html.erb (45.0ms)


Started GET "/" for 127.0.0.1 at 2015-05-06 12:59:43 +0300
Processing by HomeController#index as HTML
  Rendered home/index.slim within layouts/application (29.1ms)
Completed 500 Internal Server Error in 67ms (ActiveRecord: 0.0ms)

ActionView::Template::Error (undefined local variable or method `authtoken' for #<#<Class:0xb527f5c8>:0xb527f014>):
    4:     li= "CONSUMER_KEY: #{EVERNOTE_CONFIG['consumer_key']}"
    5:     li= "CONSUMER_SECRET: #{EVERNOTE_CONFIG['consumer_secret']}"
    6: 
    7: - elsif authtoken
    8:   == link_to (session[:dry_run] ? "Allow actual API call" : "Prohibit actual API call"), switch_mode_path
    9:   |
   10:   == link_to 'Logout', logout_path
  app/views/home/index.slim:7:in `_app_views_home_index_slim__237545407__627774478'


  Rendered /home/ostap/.rvm/gems/ruby-2.2.1@so/gems/actionpack-4.2.1/lib/action_dispatch/middleware/templates/rescues/_source.erb (6.1ms)
  Rendered /home/ostap/.rvm/gems/ruby-2.2.1@so/gems/actionpack-4.2.1/lib/action_dispatch/middleware/templates/rescues/_trace.html.erb (3.0ms)
  Rendered /home/ostap/.rvm/gems/ruby-2.2.1@so/gems/actionpack-4.2.1/lib/action_dispatch/middleware/templates/rescues/_request_and_response.html.erb (1.0ms)
  Rendered /home/ostap/.rvm/gems/ruby-2.2.1@so/gems/actionpack-4.2.1/lib/action_dispatch/middleware/templates/rescues/template_error.html.erb within rescues/layout (27.7ms)
  Rendered /home/ostap/.rvm/gems/ruby-2.2.1@so/gems/web-console-2.1.2/lib/web_console/templates/_markup.html.erb (0.4ms)
  Rendered /home/ostap/.rvm/gems/ruby-2.2.1@so/gems/web-console-2.1.2/lib/web_console/templates/style.css.erb within layouts/inlined_string (0.4ms)
  Rendered /home/ostap/.rvm/gems/ruby-2.2.1@so/gems/web-console-2.1.2/lib/web_console/templates/_inner_console_markup.html.erb within layouts/inlined_string (0.4ms)
  Rendered /home/ostap/.rvm/gems/ruby-2.2.1@so/gems/web-console-2.1.2/lib/web_console/templates/_prompt_box_markup.html.erb within layouts/inlined_string (0.3ms)
  Rendered /home/ostap/.rvm/gems/ruby-2.2.1@so/gems/web-console-2.1.2/lib/web_console/templates/console.js.erb within layouts/javascript (19.7ms)
  Rendered /home/ostap/.rvm/gems/ruby-2.2.1@so/gems/web-console-2.1.2/lib/web_console/templates/main.js.erb within layouts/javascript (0.3ms)
  Rendered /home/ostap/.rvm/gems/ruby-2.2.1@so/gems/web-console-2.1.2/lib/web_console/templates/error_page.js.erb within layouts/javascript (0.3ms)
  Rendered /home/ostap/.rvm/gems/ruby-2.2.1@so/gems/web-console-2.1.2/lib/web_console/templates/index.html.erb (41.2ms)


Started GET "/" for 127.0.0.1 at 2015-05-06 13:01:09 +0300
Processing by HomeController#index as HTML
  Rendered home/index.slim within layouts/application (0.2ms)
Completed 200 OK in 233ms (Views: 213.7ms | ActiveRecord: 0.0ms)


Started GET "/assets/evernote.self-e3b0c44298fc1c149afbf4c8996fb92427ae41e4649b934ca495991b7852b855.css?body=1" for 127.0.0.1 at 2015-05-06 13:01:09 +0300


Started GET "/assets/application.self-e80e8f2318043e8af94dddc2adad5a4f09739a8ebb323b3ab31cd71d45fd9113.css?body=1" for 127.0.0.1 at 2015-05-06 13:01:09 +0300


Started GET "/assets/jquery.self-d03a5518f45df77341bdbe6201ba3bfa547ebba8ed64f0ea56bfa5f96ea7c074.js?body=1" for 127.0.0.1 at 2015-05-06 13:01:09 +0300


Started GET "/assets/jquery_ujs.self-8e98a7a072a6cee1372d19fff9ff3e6aa1e39a37d89d6f06861637d061113ee7.js?body=1" for 127.0.0.1 at 2015-05-06 13:01:09 +0300


Started GET "/assets/turbolinks.self-c37727e9bd6b2735da5c311aa83fead54ed0be6cc8bd9a65309e9c5abe2cbfff.js?body=1" for 127.0.0.1 at 2015-05-06 13:01:09 +0300


Started GET "/assets/evernote.self-877aef30ae1b040ab8a3aba4e3e309a11d7f2612f44dde450b5c157aa5f95c05.js?body=1" for 127.0.0.1 at 2015-05-06 13:01:09 +0300


Started GET "/assets/application.self-3b8dabdc891efe46b9a144b400ad69e37d7e5876bdc39dee783419a69d7ca819.js?body=1" for 127.0.0.1 at 2015-05-06 13:01:09 +0300


Started GET "/auth/evernote" for 127.0.0.1 at 2015-05-06 13:01:11 +0300


Started GET "/auth/evernote" for 127.0.0.1 at 2015-05-06 13:01:13 +0300


Started GET "/auth/evernote" for 127.0.0.1 at 2015-05-06 13:01:15 +0300


Started GET "/auth/evernote/callback?oauth_token=tanostap.14D28AC1288.687474703A2F2F6C6F63616C686F73743A333030302F617574682F657665726E6F74652F63616C6C6261636B.5F673611AA583431CC8110C4BC2C9201&oauth_verifier=1A84BA1F0147680624271A5A9683EA31&sandbox_lnb=false" for 127.0.0.1 at 2015-05-06 13:01:22 +0300
Processing by LoginController#oauth_failure as HTML
  Parameters: {"oauth_token"=>"tanostap.14D28AC1288.687474703A2F2F6C6F63616C686F73743A333030302F617574682F657665726E6F74652F63616C6C6261636B.5F673611AA583431CC8110C4BC2C9201", "oauth_verifier"=>"1A84BA1F0147680624271A5A9683EA31", "sandbox_lnb"=>"false"}
Redirected to http://localhost:3000/
Completed 302 Found in 3ms (ActiveRecord: 0.0ms)


Started GET "/" for 127.0.0.1 at 2015-05-06 13:01:23 +0300
Processing by HomeController#index as HTML
  Rendered home/index.slim within layouts/application (0.2ms)
Completed 200 OK in 36ms (Views: 34.2ms | ActiveRecord: 0.0ms)


Started GET "/" for 127.0.0.1 at 2015-05-06 13:02:56 +0300
Processing by HomeController#index as HTML
  Rendered home/index.slim within layouts/application (0.2ms)
Completed 200 OK in 29ms (Views: 26.6ms | ActiveRecord: 0.0ms)


Started GET "/assets/evernote.self-e3b0c44298fc1c149afbf4c8996fb92427ae41e4649b934ca495991b7852b855.css?body=1" for 127.0.0.1 at 2015-05-06 13:02:56 +0300


Started GET "/assets/jquery.self-d03a5518f45df77341bdbe6201ba3bfa547ebba8ed64f0ea56bfa5f96ea7c074.js?body=1" for 127.0.0.1 at 2015-05-06 13:02:56 +0300


Started GET "/assets/application.self-e80e8f2318043e8af94dddc2adad5a4f09739a8ebb323b3ab31cd71d45fd9113.css?body=1" for 127.0.0.1 at 2015-05-06 13:02:56 +0300


Started GET "/assets/jquery_ujs.self-8e98a7a072a6cee1372d19fff9ff3e6aa1e39a37d89d6f06861637d061113ee7.js?body=1" for 127.0.0.1 at 2015-05-06 13:02:56 +0300


Started GET "/assets/turbolinks.self-c37727e9bd6b2735da5c311aa83fead54ed0be6cc8bd9a65309e9c5abe2cbfff.js?body=1" for 127.0.0.1 at 2015-05-06 13:02:56 +0300


Started GET "/assets/evernote.self-877aef30ae1b040ab8a3aba4e3e309a11d7f2612f44dde450b5c157aa5f95c05.js?body=1" for 127.0.0.1 at 2015-05-06 13:02:56 +0300


Started GET "/assets/application.self-3b8dabdc891efe46b9a144b400ad69e37d7e5876bdc39dee783419a69d7ca819.js?body=1" for 127.0.0.1 at 2015-05-06 13:02:56 +0300


Started GET "/" for 127.0.0.1 at 2015-05-06 13:02:57 +0300
Processing by HomeController#index as HTML
  Rendered home/index.slim within layouts/application (0.2ms)
Completed 200 OK in 38ms (Views: 36.8ms | ActiveRecord: 0.0ms)


Started GET "/assets/application.self-e80e8f2318043e8af94dddc2adad5a4f09739a8ebb323b3ab31cd71d45fd9113.css?body=1" for 127.0.0.1 at 2015-05-06 13:02:58 +0300


Started GET "/assets/jquery.self-d03a5518f45df77341bdbe6201ba3bfa547ebba8ed64f0ea56bfa5f96ea7c074.js?body=1" for 127.0.0.1 at 2015-05-06 13:02:58 +0300


Started GET "/assets/turbolinks.self-c37727e9bd6b2735da5c311aa83fead54ed0be6cc8bd9a65309e9c5abe2cbfff.js?body=1" for 127.0.0.1 at 2015-05-06 13:02:58 +0300


Started GET "/assets/evernote.self-e3b0c44298fc1c149afbf4c8996fb92427ae41e4649b934ca495991b7852b855.css?body=1" for 127.0.0.1 at 2015-05-06 13:02:58 +0300


Started GET "/assets/jquery_ujs.self-8e98a7a072a6cee1372d19fff9ff3e6aa1e39a37d89d6f06861637d061113ee7.js?body=1" for 127.0.0.1 at 2015-05-06 13:02:58 +0300


Started GET "/assets/evernote.self-877aef30ae1b040ab8a3aba4e3e309a11d7f2612f44dde450b5c157aa5f95c05.js?body=1" for 127.0.0.1 at 2015-05-06 13:02:58 +0300


Started GET "/assets/application.self-3b8dabdc891efe46b9a144b400ad69e37d7e5876bdc39dee783419a69d7ca819.js?body=1" for 127.0.0.1 at 2015-05-06 13:02:58 +0300


Started GET "/" for 127.0.0.1 at 2015-05-06 13:04:13 +0300
Processing by HomeController#index as HTML
  Rendered home/index.slim within layouts/application (0.2ms)
Completed 200 OK in 56ms (Views: 53.7ms | ActiveRecord: 0.0ms)


Started GET "/assets/evernote.self-e3b0c44298fc1c149afbf4c8996fb92427ae41e4649b934ca495991b7852b855.css?body=1" for 127.0.0.1 at 2015-05-06 13:04:13 +0300


Started GET "/assets/application.self-e80e8f2318043e8af94dddc2adad5a4f09739a8ebb323b3ab31cd71d45fd9113.css?body=1" for 127.0.0.1 at 2015-05-06 13:04:13 +0300


Started GET "/assets/jquery.self-d03a5518f45df77341bdbe6201ba3bfa547ebba8ed64f0ea56bfa5f96ea7c074.js?body=1" for 127.0.0.1 at 2015-05-06 13:04:13 +0300


Started GET "/assets/jquery_ujs.self-8e98a7a072a6cee1372d19fff9ff3e6aa1e39a37d89d6f06861637d061113ee7.js?body=1" for 127.0.0.1 at 2015-05-06 13:04:13 +0300


Started GET "/assets/turbolinks.self-c37727e9bd6b2735da5c311aa83fead54ed0be6cc8bd9a65309e9c5abe2cbfff.js?body=1" for 127.0.0.1 at 2015-05-06 13:04:13 +0300


Started GET "/assets/evernote.self-877aef30ae1b040ab8a3aba4e3e309a11d7f2612f44dde450b5c157aa5f95c05.js?body=1" for 127.0.0.1 at 2015-05-06 13:04:13 +0300


Started GET "/assets/application.self-3b8dabdc891efe46b9a144b400ad69e37d7e5876bdc39dee783419a69d7ca819.js?body=1" for 127.0.0.1 at 2015-05-06 13:04:13 +0300


Started GET "/" for 127.0.0.1 at 2015-05-06 13:05:34 +0300
Processing by HomeController#index as HTML
  Rendered home/index.slim within layouts/application (0.1ms)
Completed 200 OK in 51ms (Views: 41.6ms | ActiveRecord: 0.0ms)


Started GET "/assets/evernote.self-e3b0c44298fc1c149afbf4c8996fb92427ae41e4649b934ca495991b7852b855.css?body=1" for 127.0.0.1 at 2015-05-06 13:05:34 +0300


Started GET "/assets/application.self-e80e8f2318043e8af94dddc2adad5a4f09739a8ebb323b3ab31cd71d45fd9113.css?body=1" for 127.0.0.1 at 2015-05-06 13:05:34 +0300


Started GET "/assets/jquery_ujs.self-8e98a7a072a6cee1372d19fff9ff3e6aa1e39a37d89d6f06861637d061113ee7.js?body=1" for 127.0.0.1 at 2015-05-06 13:05:34 +0300


Started GET "/assets/turbolinks.self-c37727e9bd6b2735da5c311aa83fead54ed0be6cc8bd9a65309e9c5abe2cbfff.js?body=1" for 127.0.0.1 at 2015-05-06 13:05:34 +0300


Started GET "/assets/application.self-3b8dabdc891efe46b9a144b400ad69e37d7e5876bdc39dee783419a69d7ca819.js?body=1" for 127.0.0.1 at 2015-05-06 13:05:34 +0300


Started GET "/assets/jquery.self-d03a5518f45df77341bdbe6201ba3bfa547ebba8ed64f0ea56bfa5f96ea7c074.js?body=1" for 127.0.0.1 at 2015-05-06 13:05:34 +0300


Started GET "/assets/evernote.self-877aef30ae1b040ab8a3aba4e3e309a11d7f2612f44dde450b5c157aa5f95c05.js?body=1" for 127.0.0.1 at 2015-05-06 13:05:34 +0300


Started GET "/" for 127.0.0.1 at 2015-05-06 13:05:41 +0300
Processing by HomeController#index as HTML
  Rendered home/index.slim within layouts/application (12.6ms)
Completed 200 OK in 244ms (Views: 209.0ms | ActiveRecord: 0.0ms)


Started GET "/assets/evernote.self-e3b0c44298fc1c149afbf4c8996fb92427ae41e4649b934ca495991b7852b855.css?body=1" for 127.0.0.1 at 2015-05-06 13:05:42 +0300


Started GET "/assets/application.self-e80e8f2318043e8af94dddc2adad5a4f09739a8ebb323b3ab31cd71d45fd9113.css?body=1" for 127.0.0.1 at 2015-05-06 13:05:42 +0300


Started GET "/assets/jquery.self-d03a5518f45df77341bdbe6201ba3bfa547ebba8ed64f0ea56bfa5f96ea7c074.js?body=1" for 127.0.0.1 at 2015-05-06 13:05:42 +0300


Started GET "/assets/jquery_ujs.self-8e98a7a072a6cee1372d19fff9ff3e6aa1e39a37d89d6f06861637d061113ee7.js?body=1" for 127.0.0.1 at 2015-05-06 13:05:42 +0300


Started GET "/assets/application.self-3b8dabdc891efe46b9a144b400ad69e37d7e5876bdc39dee783419a69d7ca819.js?body=1" for 127.0.0.1 at 2015-05-06 13:05:42 +0300


Started GET "/assets/evernote.self-877aef30ae1b040ab8a3aba4e3e309a11d7f2612f44dde450b5c157aa5f95c05.js?body=1" for 127.0.0.1 at 2015-05-06 13:05:42 +0300


Started GET "/assets/turbolinks.self-c37727e9bd6b2735da5c311aa83fead54ed0be6cc8bd9a65309e9c5abe2cbfff.js?body=1" for 127.0.0.1 at 2015-05-06 13:05:42 +0300


Started GET "/" for 127.0.0.1 at 2015-05-06 13:05:43 +0300
Processing by HomeController#index as HTML
  Rendered home/index.slim within layouts/application (0.2ms)
Completed 200 OK in 51ms (Views: 47.1ms | ActiveRecord: 0.0ms)


Started GET "/assets/jquery.self-d03a5518f45df77341bdbe6201ba3bfa547ebba8ed64f0ea56bfa5f96ea7c074.js?body=1" for 127.0.0.1 at 2015-05-06 13:05:43 +0300


Started GET "/assets/turbolinks.self-c37727e9bd6b2735da5c311aa83fead54ed0be6cc8bd9a65309e9c5abe2cbfff.js?body=1" for 127.0.0.1 at 2015-05-06 13:05:43 +0300


Started GET "/assets/evernote.self-877aef30ae1b040ab8a3aba4e3e309a11d7f2612f44dde450b5c157aa5f95c05.js?body=1" for 127.0.0.1 at 2015-05-06 13:05:43 +0300


Started GET "/assets/jquery_ujs.self-8e98a7a072a6cee1372d19fff9ff3e6aa1e39a37d89d6f06861637d061113ee7.js?body=1" for 127.0.0.1 at 2015-05-06 13:05:43 +0300


Started GET "/assets/application.self-e80e8f2318043e8af94dddc2adad5a4f09739a8ebb323b3ab31cd71d45fd9113.css?body=1" for 127.0.0.1 at 2015-05-06 13:05:43 +0300


Started GET "/assets/evernote.self-e3b0c44298fc1c149afbf4c8996fb92427ae41e4649b934ca495991b7852b855.css?body=1" for 127.0.0.1 at 2015-05-06 13:05:43 +0300


Started GET "/assets/application.self-3b8dabdc891efe46b9a144b400ad69e37d7e5876bdc39dee783419a69d7ca819.js?body=1" for 127.0.0.1 at 2015-05-06 13:05:43 +0300


Started GET "/auth/evernote" for 127.0.0.1 at 2015-05-06 13:05:44 +0300


Started GET "/auth/evernote" for 127.0.0.1 at 2015-05-06 13:05:52 +0300


Started GET "/auth/evernote" for 127.0.0.1 at 2015-05-06 13:05:54 +0300
